<?xml version="1.0" encoding="UTF-8"?>
<!-- Generated by org.testng.reporters.JUnitReportReporter -->
<testsuite hostname="Aravinds-MacBook-Pro.local" failures="0" tests="3" name="Group_Package.My_Project.Search_product_check_filters" time="365.252" errors="0" timestamp="2025-03-28T01:52:35 IST" skipped="0">
  <testcase classname="Group_Package.My_Project.Search_product_check_filters" name="select_category_of_search_box" time="85.110"/>
  <testcase classname="Group_Package.My_Project.Search_product_check_filters" name="Signin_to_the_application" time="166.063"/>
  <testcase classname="Group_Package.My_Project.Search_product_check_filters" name="Selecting_filters" time="114.079"/>
</testsuite> <!-- Group_Package.My_Project.Search_product_check_filters -->
