<?xml version="1.0" encoding="UTF-8"?>
<!-- Generated by org.testng.reporters.JUnitReportReporter -->
<testsuite hostname="Aravinds-MacBook-Pro.local" failures="0" tests="3" name="Group_Package.My_Project.Search_product_check_filters" time="305.784" errors="0" timestamp="2025-03-27T10:01:59 IST" skipped="0">
  <testcase classname="Group_Package.My_Project.Search_product_check_filters" name="Signin_to_the_application" time="184.965"/>
  <testcase classname="Group_Package.My_Project.Search_product_check_filters" name="select_category_of_search_box" time="116.967"/>
  <testcase classname="Group_Package.My_Project.Search_product_check_filters" name="Selecting_filters" time="3.852"/>
</testsuite> <!-- Group_Package.My_Project.Search_product_check_filters -->
