<?xml version="1.0" encoding="UTF-8"?>
<!-- Generated by org.testng.reporters.JUnitReportReporter -->
<testsuite hostname="Aravinds-MacBook-Pro.local" failures="0" tests="2" name="Group_Package.My_Project.Scenario_1" time="178.811" errors="0" timestamp="2025-03-16T08:00:02 IST" skipped="1">
  <testcase classname="Group_Package.My_Project.Scenario_1" name="case2" time="178.811"/>
  <testcase classname="Group_Package.My_Project.Scenario_1" name="case1">
    <skipped/>
  </testcase> <!-- case1 -->
</testsuite> <!-- Group_Package.My_Project.Scenario_1 -->
