<?xml version="1.0" encoding="UTF-8"?>
<!-- Generated by org.testng.reporters.JUnitReportReporter -->
<testsuite hostname="Aravinds-MacBook-Pro.local" failures="0" tests="1" name="Group_Package.My_Project.Sign_with_Invalid_email" time="96.684" errors="0" timestamp="2025-03-16T09:09:59 IST" skipped="0">
  <testcase classname="Group_Package.My_Project.Sign_with_Invalid_email" name="case2" time="96.684"/>
</testsuite> <!-- Group_Package.My_Project.Sign_with_Invalid_email -->
