<?xml version="1.0" encoding="UTF-8"?>
<!-- Generated by org.testng.reporters.JUnitReportReporter -->
<testsuite hostname="Aravinds-MacBook-Pro.local" failures="0" tests="5" name="checking.start" time="0.038" errors="0" timestamp="2025-03-29T18:49:53 IST" skipped="0">
  <testcase classname="checking.start" name="you3" time="0.005"/>
  <testcase classname="checking.start" name="you3" time="0.002"/>
  <testcase classname="checking.start" name="you2" time="0.024"/>
  <testcase classname="checking.start" name="you1" time="0.004"/>
  <testcase classname="checking.start" name="you1" time="0.003"/>
</testsuite> <!-- checking.start -->
