<?xml version="1.0" encoding="UTF-8"?>
<!-- Generated by org.testng.reporters.JUnitReportReporter -->
<testsuite hostname="Aravinds-MacBook-Pro.local" failures="0" tests="3" name="Group_Package.My_Project.Verifying_elements_in_cart" time="206.616" errors="0" timestamp="2025-03-26T23:58:27 IST" skipped="1">
  <testcase classname="Group_Package.My_Project.Verifying_elements_in_cart" name="Signin_to_the_application" time="145.068"/>
  <testcase classname="Group_Package.My_Project.Verifying_elements_in_cart" name="reducing_the_item_count" time="61.548"/>
  <testcase classname="Group_Package.My_Project.Verifying_elements_in_cart" name="verifying_the_cart">
    <skipped/>
  </testcase> <!-- verifying_the_cart -->
</testsuite> <!-- Group_Package.My_Project.Verifying_elements_in_cart -->
