<?xml version="1.0" encoding="UTF-8"?>
<!-- Generated by org.testng.reporters.JUnitReportReporter -->
<testsuite hostname="Aravinds-MacBook-Pro.local" failures="0" tests="2" name="Group_Package.My_Project.Signin_add_product_to_Cart" time="323.622" errors="0" timestamp="2025-03-25T09:31:45 IST" skipped="0">
  <testcase classname="Group_Package.My_Project.Signin_add_product_to_Cart" name="search_and_add_product_to_cart" time="165.987"/>
  <testcase classname="Group_Package.My_Project.Signin_add_product_to_Cart" name="Signin_to_the_application" time="157.635"/>
</testsuite> <!-- Group_Package.My_Project.Signin_add_product_to_Cart -->
