<?xml version="1.0" encoding="UTF-8"?>
<!-- Generated by org.testng.reporters.JUnitReportReporter -->
<testsuite hostname="Aravinds-MacBook-Pro.local" failures="0" tests="1" name="Group_Package.My_Project.Sign_with_valid_Credentials" time="181.358" errors="0" timestamp="2025-03-25T08:07:08 IST" skipped="0">
  <testcase classname="Group_Package.My_Project.Sign_with_valid_Credentials" name="case2" time="181.358"/>
</testsuite> <!-- Group_Package.My_Project.Sign_with_valid_Credentials -->
