<?xml version="1.0" encoding="UTF-8"?>
<!-- Generated by org.testng.reporters.JUnitReportReporter -->
<testsuite hostname="Aravinds-MacBook-Pro.local" failures="0" tests="2" name="Group_Package.My_Project.Select_category" time="256.887" errors="0" timestamp="2025-03-26T23:52:41 IST" skipped="0">
  <testcase classname="Group_Package.My_Project.Select_category" name="select_category_of_search_box" time="102.814"/>
  <testcase classname="Group_Package.My_Project.Select_category" name="Signin_to_the_application" time="154.073"/>
</testsuite> <!-- Group_Package.My_Project.Select_category -->
